<?xml version="1.0" encoding="UTF-8"?>
<testng-results ignored="0" total="1" passed="1" failed="0" skipped="0">
  <reporter-output>
  </reporter-output>
  <suite started-at="2024-08-21T20:26:29 IST" name="Default suite" finished-at="2024-08-21T20:26:40 IST" duration-ms="10133">
    <groups>
    </groups>
    <test started-at="2024-08-21T20:26:29 IST" name="Default test" finished-at="2024-08-21T20:26:40 IST" duration-ms="10133">
      <class name="com.Training.Selenium.Login">
        <test-method signature="VerifyCredential()[pri:0, instance:com.Training.Selenium.Login@1aa7ecca]" started-at="2024-08-21T20:26:29 IST" name="VerifyCredential" finished-at="2024-08-21T20:26:40 IST" duration-ms="10099" status="PASS">
          <reporter-output>
          </reporter-output>
        </test-method> <!-- VerifyCredential -->
      </class> <!-- com.Training.Selenium.Login -->
    </test> <!-- Default test -->
  </suite> <!-- Default suite -->
</testng-results>
